<?xml version="1.0" encoding="UTF-8"?>
<!-- Generated by org.testng.reporters.JUnitXMLReporter -->
<testsuite hostname="DESKTOP-NRNPBV7" ignored="0" name="Command line test" tests="11" failures="1" timestamp="03 Nov 2020 06:36:07 GMT" time="262.213" errors="0">
  <testcase name="dt" time="64.122" classname="com.orangeHrmLive.DataProviderTest"/>
  <testcase name="dt" time="61.856" classname="com.orangeHrmLive.DataProviderTest"/>
  <testcase name="adminModule1" time="0.002" classname="com.orangeHrmLive.GroupTest"/>
  <testcase name="adminModule2" time="0.001" classname="com.orangeHrmLive.GroupTest"/>
  <testcase name="leaveModule1" time="0.003" classname="com.orangeHrmLive.GroupTest"/>
  <testcase name="leaveModule2" time="0.002" classname="com.orangeHrmLive.GroupTest"/>
  <testcase name="adminTest" time="10.825" classname="com.orangeHrmLive.TestNGDemo"/>
  <testcase name="leaveTest" time="7.247" classname="com.orangeHrmLive.TestNGDemo"/>
  <testcase name="pimTest" time="5.721" classname="com.orangeHrmLive.TestNGDemo"/>
  <testcase name="f" time="0.0" classname="com.orangeHrmLive.XMLTest">
    <failure type="org.testng.TestNGException" message="
Parameter &amp;apos;uname&amp;apos; is required by @Test on method f but has not been marked @Optional or defined
">
      <![CDATA[org.testng.TestNGException: 
Parameter 'uname' is required by @Test on method f but has not been marked @Optional or defined

... Removed 34 stack frames]]>
    </failure>
  </testcase> <!-- f -->
  <testcase name="test" time="0.001" classname="com.orangeHrmLive.TestNGDemo"/>
</testsuite> <!-- Command line test -->
